build/app/outputs/mapping/r8/release/mapping.txt
# compiler: R8
# compiler_version: 1.3.55
# min_api: 21
com.hatbazar.net.MainActivity -> com.hatbazar.net.MainActivity:
    1:1:void <init>():8:8 -> <init>
    1:2:void onCreate(android.os.Bundle):11:12 -> onCreate
...
io.card.payment.i18n.locales.LocalizedStringsDE -> io.card.payment.a.a.c:
    java.util.Map mDisplay -> a
    java.util.Map mAdapted -> b
    1:2:void <clinit>():15:16 -> <clinit>
    1:20:void <init>():33:52 -> <init>
    1:1:java.lang.String getAdaptedDisplay(java.lang.Enum,java.lang.String):13:13 -> a
    2:4:java.lang.String getAdaptedDisplay(io.card.payment.i18n.StringKey,java.lang.String):25:27 -> a
    5:5:java.lang.String getAdaptedDisplay(io.card.payment.i18n.StringKey,java.lang.String):29:29 -> a
io.card.payment.i18n.locales.LocalizedStringsEN -> io.card.payment.a.a.d:
    java.util.Map mDisplay -> a
    java.util.Map mAdapted -> b
    1:2:void <clinit>():15:16 -> <clinit>
    1:21:void <init>():33:53 -> <init>
    1:1:java.lang.String getAdaptedDisplay(java.lang.Enum,java.lang.String):13:13 -> a
    2:4:java.lang.String getAdaptedDisplay(io.card.payment.i18n.StringKey,java.lang.String):25:27 -> a
    5:5:java.lang.String getAdaptedDisplay(io.card.payment.i18n.StringKey,java.lang.String):29:29 -> a
io.card.payment.i18n.locales.LocalizedStringsEN_AU -> io.card.payment.a.a.e:
    java.util.Map mDisplay -> a
    java.util.Map mAdapted -> b
    1:2:void <clinit>():15:16 -> <clinit>
    1:20:void <init>():33:52 -> <init>
    1:1:java.lang.String getAdaptedDisplay(java.lang.Enum,java.lang.String):13:13 -> a
    2:4:java.lang.String getAdaptedDisplay(io.card.payment.i18n.StringKey,java.lang.String):25:27 -> a
    5:5:java.lang.String getAdaptedDisplay(io.card.payment.i18n.StringKey,java.lang.String):29:29 -> a
io.card.payment.i18n.locales.LocalizedStringsEN_GB -> io.card.payment.a.a.f:
    java.util.Map mDisplay -> a
    java.util.Map mAdapted -> b
    1:2:void <clinit>():15:16 -> <clinit>
    1:20:void <init>():33:52 -> <init>
    1:1:java.lang.String getAdaptedDisplay(java.lang.Enum,java.lang.String):13:13 -> a
    2:4:java.lang.String getAdaptedDisplay(io.card.payment.i18n.StringKey,java.lang.String):25:27 -> a
    5:5:java.lang.String getAdaptedDisplay(io.card.payment.i18n.StringKey,java.lang.String):29:29 -> a
io.card.payment.i18n.locales.LocalizedStringsES -> io.card.payment.a.a.g:
    java.util.Map mDisplay -> a
    java.util.Map mAdapted -> b
    1:2:void <clinit>():15:16 -> <clinit>
    1:20:void <init>():33:52 -> <init>
    1:1:java.lang.String getAdaptedDisplay(java.lang.Enum,java.lang.String):13:13 -> a
    2:4:java.lang.String getAdaptedDisplay(io.card.payment.i18n.StringKey,java.lang.String):25:27 -> a
    5:5:java.lang.String getAdaptedDisplay(io.card.payment.i18n.StringKey,java.lang.String):29:29 -> a
io.card.payment.i18n.locales.LocalizedStringsES_MX -> io.card.payment.a.a.h:
    java.util.Map mDisplay -> a
    java.util.Map mAdapted -> b
    1:2:void <clinit>():15:16 -> <clinit>
    1:20:void <init>():33:52 -> <init>
    1:1:java.lang.String getAdaptedDisplay(java.lang.Enum,java.lang.String):13:13 -> a
    2:4:java.lang.String getAdaptedDisplay(io.card.payment.i18n.StringKey,java.lang.String):25:27 -> a
    5:5:java.lang.String getAdaptedDisplay(io.card.payment.i18n.StringKey,java.lang.String):29:29 -> a
io.card.payment.i18n.locales.LocalizedStringsFR -> io.card.payment.a.a.i:
    java.util.Map mDisplay -> a
    java.util.Map mAdapted -> b
    1:2:void <clinit>():15:16 -> <clinit>
    1:20:void <init>():33:52 -> <init>
    1:1:java.lang.String getAdaptedDisplay(java.lang.Enum,java.lang.String):13:13 -> a
    2:4:java.lang.String getAdaptedDisplay(io.card.payment.i18n.StringKey,java.lang.String):25:27 -> a
    5:5:java.lang.String getAdaptedDisplay(io.card.payment.i18n.StringKey,java.lang.String):29:29 -> a